<?xml version="1.0" encoding="UTF-8"?>
<!-- Generated by org.testng.reporters.JUnitReportReporter -->
<testsuite skipped="0" hostname="ATMECSINLT-407" name="com.atmecs.tms20.testscript.AdminModule" tests="1" failures="0" timestamp="19 Mar 2021 10:34:49 GMT" time="68.141" errors="0">
  <testcase name="AdminModule" time="68.141" classname="com.atmecs.tms20.testscript.AdminModule"/>
</testsuite> <!-- com.atmecs.tms20.testscript.AdminModule -->
